{"/Users/fuzail/Desktop/qrona/server/index.js": {"path":"/Users/fuzail/Desktop/qrona/server/index.js","statementMap":{"0":{"start":{"line":1,"column":16},"end":{"line":1,"column":34}},"1":{"start":{"line":2,"column":13},"end":{"line":2,"column":28}},"2":{"start":{"line":3,"column":13},"end":{"line":3,"column":37}},"3":{"start":{"line":4,"column":12},"end":{"line":4,"column":21}},"4":{"start":{"line":5,"column":15},"end":{"line":5,"column":34}},"5":{"start":{"line":7,"column":0},"end":{"line":7,"column":24}},"6":{"start":{"line":8,"column":0},"end":{"line":8,"column":46}},"7":{"start":{"line":9,"column":0},"end":{"line":9,"column":16}},"8":{"start":{"line":11,"column":0},"end":{"line":11,"column":16}},"9":{"start":{"line":13,"column":0},"end":{"line":13,"column":20}}},"fnMap":{},"branchMap":{"0":{"loc":{"start":{"line":3,"column":13},"end":{"line":3,"column":37}},"type":"binary-expr","locations":[{"start":{"line":3,"column":13},"end":{"line":3,"column":29}},{"start":{"line":3,"column":33},"end":{"line":3,"column":37}}],"line":3}},"s":{"0":6,"1":6,"2":6,"3":6,"4":6,"5":6,"6":6,"7":6,"8":6,"9":6},"f":{},"b":{"0":[6,6]},"_coverageSchema":"1a1c01bbd47fc00a2c39e90264f33305004495a9","hash":"7458997aacbcdfc2be600d78e33ffbdeb9418443"}
,"/Users/fuzail/Desktop/qrona/server/controllers/controllerAdmin.js": {"path":"/Users/fuzail/Desktop/qrona/server/controllers/controllerAdmin.js","statementMap":{"0":{"start":{"line":1,"column":49},"end":{"line":1,"column":69}},"1":{"start":{"line":2,"column":12},"end":{"line":2,"column":35}},"2":{"start":{"line":3,"column":26},"end":{"line":3,"column":54}},"3":{"start":{"line":4,"column":0},"end":{"line":4,"column":27}},"4":{"start":{"line":5,"column":15},"end":{"line":5,"column":35}},"5":{"start":{"line":6,"column":15},"end":{"line":6,"column":32}},"6":{"start":{"line":7,"column":23},"end":{"line":7,"column":46}},"7":{"start":{"line":8,"column":13},"end":{"line":8,"column":33}},"8":{"start":{"line":13,"column":22},"end":{"line":13,"column":30}},"9":{"start":{"line":14,"column":4},"end":{"line":45,"column":34}},"10":{"start":{"line":23,"column":8},"end":{"line":43,"column":9}},"11":{"start":{"line":24,"column":10},"end":{"line":37,"column":11}},"12":{"start":{"line":25,"column":24},"end":{"line":28,"column":37}},"13":{"start":{"line":29,"column":12},"end":{"line":31,"column":14}},"14":{"start":{"line":33,"column":12},"end":{"line":36,"column":13}},"15":{"start":{"line":39,"column":10},"end":{"line":42,"column":11}},"16":{"start":{"line":45,"column":22},"end":{"line":45,"column":33}},"17":{"start":{"line":49,"column":4},"end":{"line":55,"column":34}},"18":{"start":{"line":53,"column":8},"end":{"line":53,"column":35}},"19":{"start":{"line":55,"column":22},"end":{"line":55,"column":33}},"20":{"start":{"line":59,"column":19},"end":{"line":59,"column":32}},"21":{"start":{"line":60,"column":4},"end":{"line":85,"column":34}},"22":{"start":{"line":76,"column":8},"end":{"line":83,"column":9}},"23":{"start":{"line":77,"column":10},"end":{"line":77,"column":36}},"24":{"start":{"line":79,"column":10},"end":{"line":82,"column":11}},"25":{"start":{"line":85,"column":22},"end":{"line":85,"column":33}},"26":{"start":{"line":89,"column":22},"end":{"line":89,"column":30}},"27":{"start":{"line":90,"column":19},"end":{"line":90,"column":32}},"28":{"start":{"line":92,"column":28},"end":{"line":92,"column":30}},"29":{"start":{"line":93,"column":29},"end":{"line":93,"column":31}},"30":{"start":{"line":94,"column":26},"end":{"line":94,"column":28}},"31":{"start":{"line":95,"column":4},"end":{"line":221,"column":5}},"32":{"start":{"line":96,"column":6},"end":{"line":198,"column":34}},"33":{"start":{"line":98,"column":8},"end":{"line":109,"column":9}},"34":{"start":{"line":99,"column":10},"end":{"line":103,"column":12}},"35":{"start":{"line":105,"column":10},"end":{"line":108,"column":11}},"36":{"start":{"line":112,"column":8},"end":{"line":122,"column":10}},"37":{"start":{"line":125,"column":8},"end":{"line":131,"column":10}},"38":{"start":{"line":126,"column":10},"end":{"line":130,"column":12}},"39":{"start":{"line":132,"column":23},"end":{"line":132,"column":25}},"40":{"start":{"line":133,"column":8},"end":{"line":144,"column":10}},"41":{"start":{"line":134,"column":10},"end":{"line":143,"column":11}},"42":{"start":{"line":145,"column":8},"end":{"line":145,"column":36}},"43":{"start":{"line":149,"column":8},"end":{"line":165,"column":10}},"44":{"start":{"line":150,"column":22},"end":{"line":150,"column":24}},"45":{"start":{"line":151,"column":10},"end":{"line":151,"column":31}},"46":{"start":{"line":152,"column":10},"end":{"line":163,"column":12}},"47":{"start":{"line":153,"column":12},"end":{"line":162,"column":13}},"48":{"start":{"line":154,"column":14},"end":{"line":154,"column":47}},"49":{"start":{"line":155,"column":14},"end":{"line":155,"column":49}},"50":{"start":{"line":157,"column":14},"end":{"line":161,"column":16}},"51":{"start":{"line":164,"column":10},"end":{"line":164,"column":40}},"52":{"start":{"line":166,"column":8},"end":{"line":174,"column":10}},"53":{"start":{"line":167,"column":29},"end":{"line":167,"column":65}},"54":{"start":{"line":168,"column":10},"end":{"line":173,"column":12}},"55":{"start":{"line":169,"column":28},"end":{"line":169,"column":74}},"56":{"start":{"line":170,"column":12},"end":{"line":172,"column":13}},"57":{"start":{"line":171,"column":14},"end":{"line":171,"column":48}},"58":{"start":{"line":175,"column":26},"end":{"line":175,"column":28}},"59":{"start":{"line":176,"column":8},"end":{"line":189,"column":10}},"60":{"start":{"line":177,"column":10},"end":{"line":188,"column":11}},"61":{"start":{"line":190,"column":8},"end":{"line":190,"column":32}},"62":{"start":{"line":194,"column":8},"end":{"line":196,"column":10}},"63":{"start":{"line":198,"column":22},"end":{"line":198,"column":33}},"64":{"start":{"line":200,"column":6},"end":{"line":220,"column":32}},"65":{"start":{"line":202,"column":8},"end":{"line":213,"column":9}},"66":{"start":{"line":203,"column":10},"end":{"line":207,"column":12}},"67":{"start":{"line":209,"column":10},"end":{"line":212,"column":11}},"68":{"start":{"line":216,"column":8},"end":{"line":218,"column":10}},"69":{"start":{"line":220,"column":20},"end":{"line":220,"column":31}},"70":{"start":{"line":225,"column":4},"end":{"line":235,"column":34}},"71":{"start":{"line":233,"column":8},"end":{"line":233,"column":39}},"72":{"start":{"line":235,"column":22},"end":{"line":235,"column":33}},"73":{"start":{"line":239,"column":23},"end":{"line":239,"column":36}},"74":{"start":{"line":240,"column":4},"end":{"line":265,"column":34}},"75":{"start":{"line":256,"column":8},"end":{"line":263,"column":9}},"76":{"start":{"line":257,"column":10},"end":{"line":257,"column":40}},"77":{"start":{"line":259,"column":10},"end":{"line":262,"column":11}},"78":{"start":{"line":265,"column":22},"end":{"line":265,"column":33}},"79":{"start":{"line":269,"column":0},"end":{"line":269,"column":32}}},"fnMap":{"0":{"name":"(anonymous_0)","decl":{"start":{"line":12,"column":2},"end":{"line":12,"column":3}},"loc":{"start":{"line":12,"column":36},"end":{"line":46,"column":3}},"line":12},"1":{"name":"(anonymous_1)","decl":{"start":{"line":22,"column":12},"end":{"line":22,"column":13}},"loc":{"start":{"line":22,"column":21},"end":{"line":44,"column":7}},"line":22},"2":{"name":"(anonymous_2)","decl":{"start":{"line":45,"column":13},"end":{"line":45,"column":14}},"loc":{"start":{"line":45,"column":22},"end":{"line":45,"column":33}},"line":45},"3":{"name":"(anonymous_3)","decl":{"start":{"line":48,"column":2},"end":{"line":48,"column":3}},"loc":{"start":{"line":48,"column":34},"end":{"line":56,"column":3}},"line":48},"4":{"name":"(anonymous_4)","decl":{"start":{"line":52,"column":12},"end":{"line":52,"column":13}},"loc":{"start":{"line":52,"column":21},"end":{"line":54,"column":7}},"line":52},"5":{"name":"(anonymous_5)","decl":{"start":{"line":55,"column":13},"end":{"line":55,"column":14}},"loc":{"start":{"line":55,"column":22},"end":{"line":55,"column":33}},"line":55},"6":{"name":"(anonymous_6)","decl":{"start":{"line":58,"column":2},"end":{"line":58,"column":3}},"loc":{"start":{"line":58,"column":33},"end":{"line":86,"column":3}},"line":58},"7":{"name":"(anonymous_7)","decl":{"start":{"line":75,"column":12},"end":{"line":75,"column":13}},"loc":{"start":{"line":75,"column":20},"end":{"line":84,"column":7}},"line":75},"8":{"name":"(anonymous_8)","decl":{"start":{"line":85,"column":13},"end":{"line":85,"column":14}},"loc":{"start":{"line":85,"column":22},"end":{"line":85,"column":33}},"line":85},"9":{"name":"(anonymous_9)","decl":{"start":{"line":88,"column":2},"end":{"line":88,"column":3}},"loc":{"start":{"line":88,"column":42},"end":{"line":222,"column":3}},"line":88},"10":{"name":"(anonymous_10)","decl":{"start":{"line":97,"column":12},"end":{"line":97,"column":13}},"loc":{"start":{"line":97,"column":20},"end":{"line":110,"column":7}},"line":97},"11":{"name":"(anonymous_11)","decl":{"start":{"line":111,"column":12},"end":{"line":111,"column":13}},"loc":{"start":{"line":111,"column":20},"end":{"line":123,"column":7}},"line":111},"12":{"name":"(anonymous_12)","decl":{"start":{"line":124,"column":12},"end":{"line":124,"column":13}},"loc":{"start":{"line":124,"column":22},"end":{"line":147,"column":7}},"line":124},"13":{"name":"(anonymous_13)","decl":{"start":{"line":125,"column":38},"end":{"line":125,"column":39}},"loc":{"start":{"line":125,"column":42},"end":{"line":131,"column":9}},"line":125},"14":{"name":"(anonymous_14)","decl":{"start":{"line":133,"column":33},"end":{"line":133,"column":34}},"loc":{"start":{"line":133,"column":37},"end":{"line":144,"column":9}},"line":133},"15":{"name":"(anonymous_15)","decl":{"start":{"line":148,"column":12},"end":{"line":148,"column":13}},"loc":{"start":{"line":148,"column":18},"end":{"line":192,"column":7}},"line":148},"16":{"name":"(anonymous_16)","decl":{"start":{"line":149,"column":21},"end":{"line":149,"column":22}},"loc":{"start":{"line":149,"column":25},"end":{"line":165,"column":9}},"line":149},"17":{"name":"(anonymous_17)","decl":{"start":{"line":152,"column":34},"end":{"line":152,"column":35}},"loc":{"start":{"line":152,"column":43},"end":{"line":163,"column":11}},"line":152},"18":{"name":"(anonymous_18)","decl":{"start":{"line":166,"column":33},"end":{"line":166,"column":34}},"loc":{"start":{"line":166,"column":37},"end":{"line":174,"column":9}},"line":166},"19":{"name":"(anonymous_19)","decl":{"start":{"line":168,"column":31},"end":{"line":168,"column":32}},"loc":{"start":{"line":168,"column":40},"end":{"line":173,"column":11}},"line":168},"20":{"name":"(anonymous_20)","decl":{"start":{"line":176,"column":30},"end":{"line":176,"column":31}},"loc":{"start":{"line":176,"column":34},"end":{"line":189,"column":9}},"line":176},"21":{"name":"(anonymous_21)","decl":{"start":{"line":193,"column":12},"end":{"line":193,"column":13}},"loc":{"start":{"line":193,"column":16},"end":{"line":197,"column":7}},"line":193},"22":{"name":"(anonymous_22)","decl":{"start":{"line":198,"column":13},"end":{"line":198,"column":14}},"loc":{"start":{"line":198,"column":22},"end":{"line":198,"column":33}},"line":198},"23":{"name":"(anonymous_23)","decl":{"start":{"line":201,"column":12},"end":{"line":201,"column":13}},"loc":{"start":{"line":201,"column":18},"end":{"line":214,"column":7}},"line":201},"24":{"name":"(anonymous_24)","decl":{"start":{"line":215,"column":12},"end":{"line":215,"column":13}},"loc":{"start":{"line":215,"column":18},"end":{"line":219,"column":7}},"line":215},"25":{"name":"(anonymous_25)","decl":{"start":{"line":220,"column":13},"end":{"line":220,"column":14}},"loc":{"start":{"line":220,"column":20},"end":{"line":220,"column":31}},"line":220},"26":{"name":"(anonymous_26)","decl":{"start":{"line":224,"column":2},"end":{"line":224,"column":3}},"loc":{"start":{"line":224,"column":38},"end":{"line":236,"column":3}},"line":224},"27":{"name":"(anonymous_27)","decl":{"start":{"line":232,"column":12},"end":{"line":232,"column":13}},"loc":{"start":{"line":232,"column":25},"end":{"line":234,"column":7}},"line":232},"28":{"name":"(anonymous_28)","decl":{"start":{"line":235,"column":13},"end":{"line":235,"column":14}},"loc":{"start":{"line":235,"column":22},"end":{"line":235,"column":33}},"line":235},"29":{"name":"(anonymous_29)","decl":{"start":{"line":238,"column":2},"end":{"line":238,"column":3}},"loc":{"start":{"line":238,"column":37},"end":{"line":266,"column":3}},"line":238},"30":{"name":"(anonymous_30)","decl":{"start":{"line":255,"column":12},"end":{"line":255,"column":13}},"loc":{"start":{"line":255,"column":24},"end":{"line":264,"column":7}},"line":255},"31":{"name":"(anonymous_31)","decl":{"start":{"line":265,"column":13},"end":{"line":265,"column":14}},"loc":{"start":{"line":265,"column":22},"end":{"line":265,"column":33}},"line":265}},"branchMap":{"0":{"loc":{"start":{"line":23,"column":8},"end":{"line":43,"column":9}},"type":"if","locations":[{"start":{"line":23,"column":8},"end":{"line":43,"column":9}},{"start":{"line":23,"column":8},"end":{"line":43,"column":9}}],"line":23},"1":{"loc":{"start":{"line":24,"column":10},"end":{"line":37,"column":11}},"type":"if","locations":[{"start":{"line":24,"column":10},"end":{"line":37,"column":11}},{"start":{"line":24,"column":10},"end":{"line":37,"column":11}}],"line":24},"2":{"loc":{"start":{"line":76,"column":8},"end":{"line":83,"column":9}},"type":"if","locations":[{"start":{"line":76,"column":8},"end":{"line":83,"column":9}},{"start":{"line":76,"column":8},"end":{"line":83,"column":9}}],"line":76},"3":{"loc":{"start":{"line":95,"column":4},"end":{"line":221,"column":5}},"type":"if","locations":[{"start":{"line":95,"column":4},"end":{"line":221,"column":5}},{"start":{"line":95,"column":4},"end":{"line":221,"column":5}}],"line":95},"4":{"loc":{"start":{"line":98,"column":8},"end":{"line":109,"column":9}},"type":"if","locations":[{"start":{"line":98,"column":8},"end":{"line":109,"column":9}},{"start":{"line":98,"column":8},"end":{"line":109,"column":9}}],"line":98},"5":{"loc":{"start":{"line":153,"column":12},"end":{"line":162,"column":13}},"type":"if","locations":[{"start":{"line":153,"column":12},"end":{"line":162,"column":13}},{"start":{"line":153,"column":12},"end":{"line":162,"column":13}}],"line":153},"6":{"loc":{"start":{"line":170,"column":12},"end":{"line":172,"column":13}},"type":"if","locations":[{"start":{"line":170,"column":12},"end":{"line":172,"column":13}},{"start":{"line":170,"column":12},"end":{"line":172,"column":13}}],"line":170},"7":{"loc":{"start":{"line":202,"column":8},"end":{"line":213,"column":9}},"type":"if","locations":[{"start":{"line":202,"column":8},"end":{"line":213,"column":9}},{"start":{"line":202,"column":8},"end":{"line":213,"column":9}}],"line":202},"8":{"loc":{"start":{"line":256,"column":8},"end":{"line":263,"column":9}},"type":"if","locations":[{"start":{"line":256,"column":8},"end":{"line":263,"column":9}},{"start":{"line":256,"column":8},"end":{"line":263,"column":9}}],"line":256}},"s":{"0":6,"1":6,"2":6,"3":6,"4":6,"5":6,"6":6,"7":6,"8":3,"9":3,"10":3,"11":2,"12":1,"13":1,"14":1,"15":1,"16":2,"17":1,"18":1,"19":0,"20":2,"21":2,"22":2,"23":1,"24":1,"25":1,"26":3,"27":3,"28":3,"29":3,"30":3,"31":3,"32":2,"33":2,"34":1,"35":1,"36":1,"37":1,"38":1,"39":1,"40":1,"41":1,"42":1,"43":1,"44":1,"45":1,"46":1,"47":1,"48":1,"49":1,"50":0,"51":1,"52":1,"53":1,"54":1,"55":0,"56":0,"57":0,"58":1,"59":1,"60":0,"61":1,"62":1,"63":1,"64":1,"65":1,"66":0,"67":1,"68":0,"69":1,"70":1,"71":1,"72":0,"73":2,"74":2,"75":2,"76":1,"77":1,"78":1,"79":6},"f":{"0":3,"1":3,"2":2,"3":1,"4":1,"5":0,"6":2,"7":2,"8":1,"9":3,"10":2,"11":1,"12":1,"13":1,"14":1,"15":1,"16":1,"17":1,"18":1,"19":0,"20":0,"21":1,"22":1,"23":1,"24":0,"25":1,"26":1,"27":1,"28":0,"29":2,"30":2,"31":1},"b":{"0":[2,1],"1":[1,1],"2":[1,1],"3":[2,1],"4":[1,1],"5":[1,0],"6":[0,0],"7":[0,1],"8":[1,1]},"_coverageSchema":"1a1c01bbd47fc00a2c39e90264f33305004495a9","hash":"baaef9528d55716927912c63dd5b87a966e5f6c6"}
,"/Users/fuzail/Desktop/qrona/server/controllers/controllerUser.js": {"path":"/Users/fuzail/Desktop/qrona/server/controllers/controllerUser.js","statementMap":{"0":{"start":{"line":1,"column":49},"end":{"line":1,"column":69}},"1":{"start":{"line":2,"column":12},"end":{"line":2,"column":35}},"2":{"start":{"line":3,"column":26},"end":{"line":3,"column":54}},"3":{"start":{"line":4,"column":0},"end":{"line":4,"column":27}},"4":{"start":{"line":5,"column":15},"end":{"line":5,"column":35}},"5":{"start":{"line":10,"column":22},"end":{"line":10,"column":30}},"6":{"start":{"line":11,"column":4},"end":{"line":28,"column":34}},"7":{"start":{"line":20,"column":20},"end":{"line":23,"column":33}},"8":{"start":{"line":24,"column":8},"end":{"line":26,"column":10}},"9":{"start":{"line":28,"column":22},"end":{"line":28,"column":33}},"10":{"start":{"line":32,"column":22},"end":{"line":32,"column":30}},"11":{"start":{"line":33,"column":4},"end":{"line":57,"column":34}},"12":{"start":{"line":35,"column":8},"end":{"line":55,"column":9}},"13":{"start":{"line":36,"column":10},"end":{"line":49,"column":11}},"14":{"start":{"line":37,"column":24},"end":{"line":40,"column":37}},"15":{"start":{"line":41,"column":12},"end":{"line":43,"column":14}},"16":{"start":{"line":45,"column":12},"end":{"line":48,"column":13}},"17":{"start":{"line":51,"column":10},"end":{"line":54,"column":11}},"18":{"start":{"line":57,"column":22},"end":{"line":57,"column":33}},"19":{"start":{"line":61,"column":4},"end":{"line":74,"column":34}},"20":{"start":{"line":65,"column":8},"end":{"line":72,"column":9}},"21":{"start":{"line":66,"column":10},"end":{"line":66,"column":36}},"22":{"start":{"line":68,"column":10},"end":{"line":71,"column":11}},"23":{"start":{"line":74,"column":22},"end":{"line":74,"column":33}},"24":{"start":{"line":78,"column":22},"end":{"line":78,"column":30}},"25":{"start":{"line":79,"column":4},"end":{"line":92,"column":34}},"26":{"start":{"line":81,"column":8},"end":{"line":85,"column":38}},"27":{"start":{"line":88,"column":8},"end":{"line":90,"column":10}},"28":{"start":{"line":92,"column":22},"end":{"line":92,"column":33}},"29":{"start":{"line":96,"column":22},"end":{"line":96,"column":30}},"30":{"start":{"line":97,"column":4},"end":{"line":114,"column":34}},"31":{"start":{"line":105,"column":8},"end":{"line":109,"column":10}},"32":{"start":{"line":112,"column":8},"end":{"line":112,"column":37}},"33":{"start":{"line":114,"column":22},"end":{"line":114,"column":33}},"34":{"start":{"line":118,"column":4},"end":{"line":127,"column":34}},"35":{"start":{"line":125,"column":8},"end":{"line":125,"column":39}},"36":{"start":{"line":127,"column":22},"end":{"line":127,"column":33}},"37":{"start":{"line":131,"column":23},"end":{"line":131,"column":36}},"38":{"start":{"line":132,"column":4},"end":{"line":155,"column":34}},"39":{"start":{"line":139,"column":8},"end":{"line":150,"column":9}},"40":{"start":{"line":140,"column":10},"end":{"line":144,"column":12}},"41":{"start":{"line":146,"column":10},"end":{"line":149,"column":11}},"42":{"start":{"line":153,"column":8},"end":{"line":153,"column":37}},"43":{"start":{"line":155,"column":22},"end":{"line":155,"column":33}},"44":{"start":{"line":159,"column":23},"end":{"line":159,"column":36}},"45":{"start":{"line":160,"column":4},"end":{"line":196,"column":34}},"46":{"start":{"line":162,"column":8},"end":{"line":173,"column":9}},"47":{"start":{"line":163,"column":10},"end":{"line":167,"column":12}},"48":{"start":{"line":169,"column":10},"end":{"line":172,"column":11}},"49":{"start":{"line":177,"column":8},"end":{"line":181,"column":10}},"50":{"start":{"line":185,"column":8},"end":{"line":189,"column":10}},"51":{"start":{"line":192,"column":8},"end":{"line":194,"column":10}},"52":{"start":{"line":196,"column":22},"end":{"line":196,"column":33}},"53":{"start":{"line":221,"column":22},"end":{"line":221,"column":33}},"54":{"start":{"line":222,"column":4},"end":{"line":227,"column":5}},"55":{"start":{"line":223,"column":6},"end":{"line":226,"column":7}},"56":{"start":{"line":228,"column":4},"end":{"line":237,"column":34}},"57":{"start":{"line":235,"column":8},"end":{"line":235,"column":41}},"58":{"start":{"line":237,"column":22},"end":{"line":237,"column":33}},"59":{"start":{"line":241,"column":22},"end":{"line":241,"column":35}},"60":{"start":{"line":242,"column":4},"end":{"line":280,"column":34}},"61":{"start":{"line":251,"column":8},"end":{"line":265,"column":9}},"62":{"start":{"line":252,"column":10},"end":{"line":259,"column":14}},"63":{"start":{"line":261,"column":10},"end":{"line":264,"column":11}},"64":{"start":{"line":268,"column":8},"end":{"line":275,"column":10}},"65":{"start":{"line":278,"column":8},"end":{"line":278,"column":38}},"66":{"start":{"line":280,"column":22},"end":{"line":280,"column":33}},"67":{"start":{"line":284,"column":0},"end":{"line":284,"column":31}}},"fnMap":{"0":{"name":"(anonymous_0)","decl":{"start":{"line":9,"column":2},"end":{"line":9,"column":3}},"loc":{"start":{"line":9,"column":34},"end":{"line":29,"column":3}},"line":9},"1":{"name":"(anonymous_1)","decl":{"start":{"line":19,"column":12},"end":{"line":19,"column":13}},"loc":{"start":{"line":19,"column":20},"end":{"line":27,"column":7}},"line":19},"2":{"name":"(anonymous_2)","decl":{"start":{"line":28,"column":13},"end":{"line":28,"column":14}},"loc":{"start":{"line":28,"column":22},"end":{"line":28,"column":33}},"line":28},"3":{"name":"(anonymous_3)","decl":{"start":{"line":31,"column":2},"end":{"line":31,"column":3}},"loc":{"start":{"line":31,"column":31},"end":{"line":58,"column":3}},"line":31},"4":{"name":"(anonymous_4)","decl":{"start":{"line":34,"column":12},"end":{"line":34,"column":13}},"loc":{"start":{"line":34,"column":20},"end":{"line":56,"column":7}},"line":34},"5":{"name":"(anonymous_5)","decl":{"start":{"line":57,"column":13},"end":{"line":57,"column":14}},"loc":{"start":{"line":57,"column":22},"end":{"line":57,"column":33}},"line":57},"6":{"name":"(anonymous_6)","decl":{"start":{"line":60,"column":2},"end":{"line":60,"column":3}},"loc":{"start":{"line":60,"column":36},"end":{"line":75,"column":3}},"line":60},"7":{"name":"(anonymous_7)","decl":{"start":{"line":64,"column":12},"end":{"line":64,"column":13}},"loc":{"start":{"line":64,"column":20},"end":{"line":73,"column":7}},"line":64},"8":{"name":"(anonymous_8)","decl":{"start":{"line":74,"column":13},"end":{"line":74,"column":14}},"loc":{"start":{"line":74,"column":22},"end":{"line":74,"column":33}},"line":74},"9":{"name":"(anonymous_9)","decl":{"start":{"line":77,"column":2},"end":{"line":77,"column":3}},"loc":{"start":{"line":77,"column":39},"end":{"line":93,"column":3}},"line":77},"10":{"name":"(anonymous_10)","decl":{"start":{"line":80,"column":12},"end":{"line":80,"column":13}},"loc":{"start":{"line":80,"column":20},"end":{"line":86,"column":7}},"line":80},"11":{"name":"(anonymous_11)","decl":{"start":{"line":87,"column":12},"end":{"line":87,"column":13}},"loc":{"start":{"line":87,"column":18},"end":{"line":91,"column":7}},"line":87},"12":{"name":"(anonymous_12)","decl":{"start":{"line":92,"column":13},"end":{"line":92,"column":14}},"loc":{"start":{"line":92,"column":22},"end":{"line":92,"column":33}},"line":92},"13":{"name":"(anonymous_13)","decl":{"start":{"line":95,"column":2},"end":{"line":95,"column":3}},"loc":{"start":{"line":95,"column":37},"end":{"line":115,"column":3}},"line":95},"14":{"name":"(anonymous_14)","decl":{"start":{"line":104,"column":12},"end":{"line":104,"column":13}},"loc":{"start":{"line":104,"column":24},"end":{"line":110,"column":7}},"line":104},"15":{"name":"(anonymous_15)","decl":{"start":{"line":111,"column":12},"end":{"line":111,"column":13}},"loc":{"start":{"line":111,"column":23},"end":{"line":113,"column":7}},"line":111},"16":{"name":"(anonymous_16)","decl":{"start":{"line":114,"column":13},"end":{"line":114,"column":14}},"loc":{"start":{"line":114,"column":22},"end":{"line":114,"column":33}},"line":114},"17":{"name":"(anonymous_17)","decl":{"start":{"line":117,"column":2},"end":{"line":117,"column":3}},"loc":{"start":{"line":117,"column":37},"end":{"line":128,"column":3}},"line":117},"18":{"name":"(anonymous_18)","decl":{"start":{"line":124,"column":12},"end":{"line":124,"column":13}},"loc":{"start":{"line":124,"column":25},"end":{"line":126,"column":7}},"line":124},"19":{"name":"(anonymous_19)","decl":{"start":{"line":127,"column":13},"end":{"line":127,"column":14}},"loc":{"start":{"line":127,"column":22},"end":{"line":127,"column":33}},"line":127},"20":{"name":"(anonymous_20)","decl":{"start":{"line":130,"column":2},"end":{"line":130,"column":3}},"loc":{"start":{"line":130,"column":36},"end":{"line":156,"column":3}},"line":130},"21":{"name":"(anonymous_21)","decl":{"start":{"line":137,"column":12},"end":{"line":137,"column":13}},"loc":{"start":{"line":137,"column":24},"end":{"line":151,"column":7}},"line":137},"22":{"name":"(anonymous_22)","decl":{"start":{"line":152,"column":12},"end":{"line":152,"column":13}},"loc":{"start":{"line":152,"column":23},"end":{"line":154,"column":7}},"line":152},"23":{"name":"(anonymous_23)","decl":{"start":{"line":155,"column":13},"end":{"line":155,"column":14}},"loc":{"start":{"line":155,"column":22},"end":{"line":155,"column":33}},"line":155},"24":{"name":"(anonymous_24)","decl":{"start":{"line":158,"column":2},"end":{"line":158,"column":3}},"loc":{"start":{"line":158,"column":40},"end":{"line":197,"column":3}},"line":158},"25":{"name":"(anonymous_25)","decl":{"start":{"line":161,"column":12},"end":{"line":161,"column":13}},"loc":{"start":{"line":161,"column":24},"end":{"line":174,"column":7}},"line":161},"26":{"name":"(anonymous_26)","decl":{"start":{"line":175,"column":12},"end":{"line":175,"column":13}},"loc":{"start":{"line":175,"column":23},"end":{"line":183,"column":7}},"line":175},"27":{"name":"(anonymous_27)","decl":{"start":{"line":184,"column":12},"end":{"line":184,"column":13}},"loc":{"start":{"line":184,"column":23},"end":{"line":190,"column":7}},"line":184},"28":{"name":"(anonymous_28)","decl":{"start":{"line":191,"column":12},"end":{"line":191,"column":13}},"loc":{"start":{"line":191,"column":18},"end":{"line":195,"column":7}},"line":191},"29":{"name":"(anonymous_29)","decl":{"start":{"line":196,"column":13},"end":{"line":196,"column":14}},"loc":{"start":{"line":196,"column":22},"end":{"line":196,"column":33}},"line":196},"30":{"name":"(anonymous_30)","decl":{"start":{"line":220,"column":2},"end":{"line":220,"column":3}},"loc":{"start":{"line":220,"column":33},"end":{"line":238,"column":3}},"line":220},"31":{"name":"(anonymous_31)","decl":{"start":{"line":234,"column":12},"end":{"line":234,"column":13}},"loc":{"start":{"line":234,"column":27},"end":{"line":236,"column":7}},"line":234},"32":{"name":"(anonymous_32)","decl":{"start":{"line":237,"column":13},"end":{"line":237,"column":14}},"loc":{"start":{"line":237,"column":22},"end":{"line":237,"column":33}},"line":237},"33":{"name":"(anonymous_33)","decl":{"start":{"line":240,"column":2},"end":{"line":240,"column":3}},"loc":{"start":{"line":240,"column":34},"end":{"line":281,"column":3}},"line":240},"34":{"name":"(anonymous_34)","decl":{"start":{"line":250,"column":12},"end":{"line":250,"column":13}},"loc":{"start":{"line":250,"column":27},"end":{"line":266,"column":7}},"line":250},"35":{"name":"(anonymous_35)","decl":{"start":{"line":267,"column":12},"end":{"line":267,"column":13}},"loc":{"start":{"line":267,"column":27},"end":{"line":276,"column":7}},"line":267},"36":{"name":"(anonymous_36)","decl":{"start":{"line":277,"column":12},"end":{"line":277,"column":13}},"loc":{"start":{"line":277,"column":24},"end":{"line":279,"column":7}},"line":277},"37":{"name":"(anonymous_37)","decl":{"start":{"line":280,"column":13},"end":{"line":280,"column":14}},"loc":{"start":{"line":280,"column":22},"end":{"line":280,"column":33}},"line":280}},"branchMap":{"0":{"loc":{"start":{"line":35,"column":8},"end":{"line":55,"column":9}},"type":"if","locations":[{"start":{"line":35,"column":8},"end":{"line":55,"column":9}},{"start":{"line":35,"column":8},"end":{"line":55,"column":9}}],"line":35},"1":{"loc":{"start":{"line":36,"column":10},"end":{"line":49,"column":11}},"type":"if","locations":[{"start":{"line":36,"column":10},"end":{"line":49,"column":11}},{"start":{"line":36,"column":10},"end":{"line":49,"column":11}}],"line":36},"2":{"loc":{"start":{"line":65,"column":8},"end":{"line":72,"column":9}},"type":"if","locations":[{"start":{"line":65,"column":8},"end":{"line":72,"column":9}},{"start":{"line":65,"column":8},"end":{"line":72,"column":9}}],"line":65},"3":{"loc":{"start":{"line":139,"column":8},"end":{"line":150,"column":9}},"type":"if","locations":[{"start":{"line":139,"column":8},"end":{"line":150,"column":9}},{"start":{"line":139,"column":8},"end":{"line":150,"column":9}}],"line":139},"4":{"loc":{"start":{"line":162,"column":8},"end":{"line":173,"column":9}},"type":"if","locations":[{"start":{"line":162,"column":8},"end":{"line":173,"column":9}},{"start":{"line":162,"column":8},"end":{"line":173,"column":9}}],"line":162},"5":{"loc":{"start":{"line":222,"column":4},"end":{"line":227,"column":5}},"type":"if","locations":[{"start":{"line":222,"column":4},"end":{"line":227,"column":5}},{"start":{"line":222,"column":4},"end":{"line":227,"column":5}}],"line":222},"6":{"loc":{"start":{"line":251,"column":8},"end":{"line":265,"column":9}},"type":"if","locations":[{"start":{"line":251,"column":8},"end":{"line":265,"column":9}},{"start":{"line":251,"column":8},"end":{"line":265,"column":9}}],"line":251}},"s":{"0":6,"1":6,"2":6,"3":6,"4":6,"5":8,"6":8,"7":1,"8":1,"9":7,"10":3,"11":3,"12":3,"13":2,"14":1,"15":1,"16":1,"17":1,"18":2,"19":1,"20":1,"21":1,"22":0,"23":0,"24":1,"25":1,"26":1,"27":1,"28":0,"29":1,"30":1,"31":1,"32":1,"33":0,"34":1,"35":1,"36":0,"37":2,"38":2,"39":2,"40":1,"41":1,"42":1,"43":1,"44":2,"45":2,"46":2,"47":1,"48":1,"49":1,"50":1,"51":1,"52":1,"53":2,"54":2,"55":1,"56":1,"57":1,"58":0,"59":2,"60":2,"61":2,"62":1,"63":1,"64":1,"65":1,"66":1,"67":6},"f":{"0":8,"1":1,"2":7,"3":3,"4":3,"5":2,"6":1,"7":1,"8":0,"9":1,"10":1,"11":1,"12":0,"13":1,"14":1,"15":1,"16":0,"17":1,"18":1,"19":0,"20":2,"21":2,"22":1,"23":1,"24":2,"25":2,"26":1,"27":1,"28":1,"29":1,"30":2,"31":1,"32":0,"33":2,"34":2,"35":1,"36":1,"37":1},"b":{"0":[2,1],"1":[1,1],"2":[1,0],"3":[1,1],"4":[1,1],"5":[1,1],"6":[1,1]},"_coverageSchema":"1a1c01bbd47fc00a2c39e90264f33305004495a9","hash":"3d0ff23584d5d03a9f8033fe230bf33e4fdc72b7"}
,"/Users/fuzail/Desktop/qrona/server/helpers/bcrypt.js": {"path":"/Users/fuzail/Desktop/qrona/server/helpers/bcrypt.js","statementMap":{"0":{"start":{"line":1,"column":15},"end":{"line":1,"column":34}},"1":{"start":{"line":4,"column":15},"end":{"line":4,"column":37}},"2":{"start":{"line":5,"column":15},"end":{"line":5,"column":46}},"3":{"start":{"line":6,"column":2},"end":{"line":6,"column":13}},"4":{"start":{"line":10,"column":2},"end":{"line":10,"column":49}},"5":{"start":{"line":13,"column":0},"end":{"line":13,"column":45}}},"fnMap":{"0":{"name":"hashPassword","decl":{"start":{"line":3,"column":9},"end":{"line":3,"column":21}},"loc":{"start":{"line":3,"column":31},"end":{"line":7,"column":1}},"line":3},"1":{"name":"checkPassword","decl":{"start":{"line":9,"column":9},"end":{"line":9,"column":22}},"loc":{"start":{"line":9,"column":43},"end":{"line":11,"column":1}},"line":9}},"branchMap":{},"s":{"0":6,"1":28,"2":28,"3":28,"4":4,"5":6},"f":{"0":28,"1":4},"b":{},"_coverageSchema":"1a1c01bbd47fc00a2c39e90264f33305004495a9","hash":"8e7bc3a7c0d676d19b06f4f72b4901b7c44f07e5"}
,"/Users/fuzail/Desktop/qrona/server/middlewares/ErrorHandler.js": {"path":"/Users/fuzail/Desktop/qrona/server/middlewares/ErrorHandler.js","statementMap":{"0":{"start":{"line":2,"column":2},"end":{"line":2,"column":18}},"1":{"start":{"line":3,"column":2},"end":{"line":21,"column":3}},"2":{"start":{"line":4,"column":4},"end":{"line":16,"column":5}},"3":{"start":{"line":6,"column":8},"end":{"line":10,"column":9}},"4":{"start":{"line":7,"column":10},"end":{"line":9,"column":12}},"5":{"start":{"line":12,"column":8},"end":{"line":14,"column":10}},"6":{"start":{"line":15,"column":8},"end":{"line":15,"column":14}},"7":{"start":{"line":17,"column":9},"end":{"line":21,"column":3}},"8":{"start":{"line":18,"column":4},"end":{"line":20,"column":6}},"9":{"start":{"line":22,"column":2},"end":{"line":24,"column":4}},"10":{"start":{"line":27,"column":0},"end":{"line":27,"column":29}}},"fnMap":{"0":{"name":"errorHandler","decl":{"start":{"line":1,"column":9},"end":{"line":1,"column":21}},"loc":{"start":{"line":1,"column":43},"end":{"line":25,"column":1}},"line":1}},"branchMap":{"0":{"loc":{"start":{"line":3,"column":2},"end":{"line":21,"column":3}},"type":"if","locations":[{"start":{"line":3,"column":2},"end":{"line":21,"column":3}},{"start":{"line":3,"column":2},"end":{"line":21,"column":3}}],"line":3},"1":{"loc":{"start":{"line":4,"column":4},"end":{"line":16,"column":5}},"type":"switch","locations":[{"start":{"line":5,"column":6},"end":{"line":10,"column":9}},{"start":{"line":11,"column":6},"end":{"line":15,"column":14}}],"line":4},"2":{"loc":{"start":{"line":6,"column":8},"end":{"line":10,"column":9}},"type":"if","locations":[{"start":{"line":6,"column":8},"end":{"line":10,"column":9}},{"start":{"line":6,"column":8},"end":{"line":10,"column":9}}],"line":6},"3":{"loc":{"start":{"line":17,"column":9},"end":{"line":21,"column":3}},"type":"if","locations":[{"start":{"line":17,"column":9},"end":{"line":21,"column":3}},{"start":{"line":17,"column":9},"end":{"line":21,"column":3}}],"line":17}},"s":{"0":23,"1":23,"2":7,"3":6,"4":6,"5":7,"6":1,"7":16,"8":16,"9":17,"10":6},"f":{"0":23},"b":{"0":[7,16],"1":[6,7],"2":[6,0],"3":[16,0]},"_coverageSchema":"1a1c01bbd47fc00a2c39e90264f33305004495a9","hash":"0d189e1325648b5f6c4fa1943f78192a82680c3d"}
,"/Users/fuzail/Desktop/qrona/server/middlewares/authentication.js": {"path":"/Users/fuzail/Desktop/qrona/server/middlewares/authentication.js","statementMap":{"0":{"start":{"line":1,"column":17},"end":{"line":1,"column":37}},"1":{"start":{"line":2,"column":12},"end":{"line":2,"column":35}},"2":{"start":{"line":3,"column":0},"end":{"line":3,"column":26}},"3":{"start":{"line":6,"column":2},"end":{"line":41,"column":3}},"4":{"start":{"line":7,"column":18},"end":{"line":7,"column":42}},"5":{"start":{"line":8,"column":4},"end":{"line":38,"column":5}},"6":{"start":{"line":9,"column":6},"end":{"line":32,"column":8}},"7":{"start":{"line":10,"column":8},"end":{"line":15,"column":9}},"8":{"start":{"line":11,"column":10},"end":{"line":14,"column":11}},"9":{"start":{"line":17,"column":8},"end":{"line":31,"column":12}},"10":{"start":{"line":19,"column":12},"end":{"line":27,"column":13}},"11":{"start":{"line":20,"column":14},"end":{"line":20,"column":32}},"12":{"start":{"line":21,"column":14},"end":{"line":21,"column":20}},"13":{"start":{"line":23,"column":14},"end":{"line":26,"column":15}},"14":{"start":{"line":30,"column":12},"end":{"line":30,"column":23}},"15":{"start":{"line":34,"column":6},"end":{"line":37,"column":7}},"16":{"start":{"line":40,"column":4},"end":{"line":40,"column":15}},"17":{"start":{"line":44,"column":0},"end":{"line":44,"column":31}}},"fnMap":{"0":{"name":"authentication","decl":{"start":{"line":5,"column":9},"end":{"line":5,"column":23}},"loc":{"start":{"line":5,"column":40},"end":{"line":42,"column":1}},"line":5},"1":{"name":"(anonymous_1)","decl":{"start":{"line":9,"column":47},"end":{"line":9,"column":48}},"loc":{"start":{"line":9,"column":71},"end":{"line":32,"column":7}},"line":9},"2":{"name":"(anonymous_2)","decl":{"start":{"line":18,"column":16},"end":{"line":18,"column":17}},"loc":{"start":{"line":18,"column":24},"end":{"line":28,"column":11}},"line":18},"3":{"name":"(anonymous_3)","decl":{"start":{"line":29,"column":17},"end":{"line":29,"column":18}},"loc":{"start":{"line":29,"column":26},"end":{"line":31,"column":11}},"line":29}},"branchMap":{"0":{"loc":{"start":{"line":8,"column":4},"end":{"line":38,"column":5}},"type":"if","locations":[{"start":{"line":8,"column":4},"end":{"line":38,"column":5}},{"start":{"line":8,"column":4},"end":{"line":38,"column":5}}],"line":8},"1":{"loc":{"start":{"line":10,"column":8},"end":{"line":15,"column":9}},"type":"if","locations":[{"start":{"line":10,"column":8},"end":{"line":15,"column":9}},{"start":{"line":10,"column":8},"end":{"line":15,"column":9}}],"line":10},"2":{"loc":{"start":{"line":19,"column":12},"end":{"line":27,"column":13}},"type":"if","locations":[{"start":{"line":19,"column":12},"end":{"line":27,"column":13}},{"start":{"line":19,"column":12},"end":{"line":27,"column":13}}],"line":19}},"s":{"0":6,"1":6,"2":6,"3":25,"4":25,"5":25,"6":24,"7":24,"8":1,"9":23,"10":23,"11":21,"12":21,"13":2,"14":2,"15":1,"16":2,"17":6},"f":{"0":25,"1":24,"2":23,"3":2},"b":{"0":[24,1],"1":[1,23],"2":[21,2]},"_coverageSchema":"1a1c01bbd47fc00a2c39e90264f33305004495a9","hash":"06fdabf8b3ad1a1c765d4bfc10a987aecef0473d"}
,"/Users/fuzail/Desktop/qrona/server/models/barcode.js": {"path":"/Users/fuzail/Desktop/qrona/server/models/barcode.js","statementMap":{"0":{"start":{"line":2,"column":0},"end":{"line":20,"column":2}},"1":{"start":{"line":3,"column":20},"end":{"line":3,"column":39}},"2":{"start":{"line":4,"column":16},"end":{"line":4,"column":31}},"3":{"start":{"line":7,"column":2},"end":{"line":11,"column":16}},"4":{"start":{"line":13,"column":2},"end":{"line":18,"column":4}},"5":{"start":{"line":15,"column":4},"end":{"line":15,"column":64}},"6":{"start":{"line":16,"column":4},"end":{"line":16,"column":90}},"7":{"start":{"line":17,"column":4},"end":{"line":17,"column":39}},"8":{"start":{"line":19,"column":2},"end":{"line":19,"column":17}}},"fnMap":{"0":{"name":"(anonymous_0)","decl":{"start":{"line":2,"column":17},"end":{"line":2,"column":18}},"loc":{"start":{"line":2,"column":43},"end":{"line":20,"column":1}},"line":2},"1":{"name":"(anonymous_1)","decl":{"start":{"line":13,"column":22},"end":{"line":13,"column":23}},"loc":{"start":{"line":13,"column":39},"end":{"line":18,"column":3}},"line":13}},"branchMap":{},"s":{"0":6,"1":6,"2":6,"3":6,"4":6,"5":6,"6":6,"7":6,"8":6},"f":{"0":6,"1":6},"b":{},"_coverageSchema":"1a1c01bbd47fc00a2c39e90264f33305004495a9","hash":"3662c828ec9c0533821c52dbf2c0f586abe7d3e2"}
,"/Users/fuzail/Desktop/qrona/server/models/hotplace.js": {"path":"/Users/fuzail/Desktop/qrona/server/models/hotplace.js","statementMap":{"0":{"start":{"line":2,"column":0},"end":{"line":42,"column":2}},"1":{"start":{"line":3,"column":20},"end":{"line":3,"column":39}},"2":{"start":{"line":4,"column":16},"end":{"line":4,"column":31}},"3":{"start":{"line":7,"column":2},"end":{"line":33,"column":16}},"4":{"start":{"line":36,"column":2},"end":{"line":40,"column":4}},"5":{"start":{"line":38,"column":4},"end":{"line":38,"column":35}},"6":{"start":{"line":39,"column":4},"end":{"line":39,"column":35}},"7":{"start":{"line":41,"column":2},"end":{"line":41,"column":18}}},"fnMap":{"0":{"name":"(anonymous_0)","decl":{"start":{"line":2,"column":17},"end":{"line":2,"column":18}},"loc":{"start":{"line":2,"column":43},"end":{"line":42,"column":1}},"line":2},"1":{"name":"(anonymous_1)","decl":{"start":{"line":36,"column":23},"end":{"line":36,"column":24}},"loc":{"start":{"line":36,"column":40},"end":{"line":40,"column":3}},"line":36}},"branchMap":{},"s":{"0":6,"1":6,"2":6,"3":6,"4":6,"5":6,"6":6,"7":6},"f":{"0":6,"1":6},"b":{},"_coverageSchema":"1a1c01bbd47fc00a2c39e90264f33305004495a9","hash":"f95173f5bf05ccceeb83d8dacdb195dec80cbc09"}
,"/Users/fuzail/Desktop/qrona/server/models/index.js": {"path":"/Users/fuzail/Desktop/qrona/server/models/index.js","statementMap":{"0":{"start":{"line":3,"column":11},"end":{"line":3,"column":24}},"1":{"start":{"line":4,"column":13},"end":{"line":4,"column":28}},"2":{"start":{"line":5,"column":18},"end":{"line":5,"column":38}},"3":{"start":{"line":6,"column":17},"end":{"line":6,"column":42}},"4":{"start":{"line":7,"column":12},"end":{"line":7,"column":49}},"5":{"start":{"line":8,"column":15},"end":{"line":8,"column":65}},"6":{"start":{"line":9,"column":11},"end":{"line":9,"column":13}},"7":{"start":{"line":12,"column":0},"end":{"line":16,"column":1}},"8":{"start":{"line":13,"column":2},"end":{"line":13,"column":74}},"9":{"start":{"line":15,"column":2},"end":{"line":15,"column":87}},"10":{"start":{"line":18,"column":0},"end":{"line":26,"column":5}},"11":{"start":{"line":21,"column":4},"end":{"line":21,"column":90}},"12":{"start":{"line":24,"column":18},"end":{"line":24,"column":65}},"13":{"start":{"line":25,"column":4},"end":{"line":25,"column":27}},"14":{"start":{"line":28,"column":0},"end":{"line":32,"column":3}},"15":{"start":{"line":29,"column":2},"end":{"line":31,"column":3}},"16":{"start":{"line":30,"column":4},"end":{"line":30,"column":32}},"17":{"start":{"line":34,"column":0},"end":{"line":34,"column":25}},"18":{"start":{"line":35,"column":0},"end":{"line":35,"column":25}},"19":{"start":{"line":37,"column":0},"end":{"line":37,"column":20}}},"fnMap":{"0":{"name":"(anonymous_0)","decl":{"start":{"line":20,"column":10},"end":{"line":20,"column":11}},"loc":{"start":{"line":20,"column":18},"end":{"line":22,"column":3}},"line":20},"1":{"name":"(anonymous_1)","decl":{"start":{"line":23,"column":11},"end":{"line":23,"column":12}},"loc":{"start":{"line":23,"column":19},"end":{"line":26,"column":3}},"line":23},"2":{"name":"(anonymous_2)","decl":{"start":{"line":28,"column":24},"end":{"line":28,"column":25}},"loc":{"start":{"line":28,"column":37},"end":{"line":32,"column":1}},"line":28}},"branchMap":{"0":{"loc":{"start":{"line":7,"column":12},"end":{"line":7,"column":49}},"type":"binary-expr","locations":[{"start":{"line":7,"column":12},"end":{"line":7,"column":32}},{"start":{"line":7,"column":36},"end":{"line":7,"column":49}}],"line":7},"1":{"loc":{"start":{"line":12,"column":0},"end":{"line":16,"column":1}},"type":"if","locations":[{"start":{"line":12,"column":0},"end":{"line":16,"column":1}},{"start":{"line":12,"column":0},"end":{"line":16,"column":1}}],"line":12},"2":{"loc":{"start":{"line":21,"column":11},"end":{"line":21,"column":89}},"type":"binary-expr","locations":[{"start":{"line":21,"column":12},"end":{"line":21,"column":35}},{"start":{"line":21,"column":41},"end":{"line":21,"column":58}},{"start":{"line":21,"column":64},"end":{"line":21,"column":88}}],"line":21},"3":{"loc":{"start":{"line":29,"column":2},"end":{"line":31,"column":3}},"type":"if","locations":[{"start":{"line":29,"column":2},"end":{"line":31,"column":3}},{"start":{"line":29,"column":2},"end":{"line":31,"column":3}}],"line":29}},"s":{"0":6,"1":6,"2":6,"3":6,"4":6,"5":6,"6":6,"7":6,"8":0,"9":6,"10":6,"11":30,"12":24,"13":24,"14":6,"15":24,"16":24,"17":6,"18":6,"19":6},"f":{"0":30,"1":24,"2":24},"b":{"0":[6,0],"1":[0,6],"2":[30,30,24],"3":[24,0]},"_coverageSchema":"1a1c01bbd47fc00a2c39e90264f33305004495a9","hash":"0f9e2a98759b17859c4902d7befc778034098543"}
,"/Users/fuzail/Desktop/qrona/server/models/user.js": {"path":"/Users/fuzail/Desktop/qrona/server/models/user.js","statementMap":{"0":{"start":{"line":2,"column":23},"end":{"line":2,"column":51}},"1":{"start":{"line":4,"column":0},"end":{"line":65,"column":2}},"2":{"start":{"line":5,"column":20},"end":{"line":5,"column":39}},"3":{"start":{"line":6,"column":16},"end":{"line":6,"column":31}},"4":{"start":{"line":9,"column":2},"end":{"line":56,"column":4}},"5":{"start":{"line":52,"column":8},"end":{"line":52,"column":31}},"6":{"start":{"line":53,"column":8},"end":{"line":53,"column":51}},"7":{"start":{"line":58,"column":2},"end":{"line":63,"column":4}},"8":{"start":{"line":60,"column":4},"end":{"line":60,"column":33}},"9":{"start":{"line":61,"column":4},"end":{"line":61,"column":36}},"10":{"start":{"line":62,"column":4},"end":{"line":62,"column":89}},"11":{"start":{"line":64,"column":2},"end":{"line":64,"column":14}}},"fnMap":{"0":{"name":"(anonymous_0)","decl":{"start":{"line":4,"column":17},"end":{"line":4,"column":18}},"loc":{"start":{"line":4,"column":43},"end":{"line":65,"column":1}},"line":4},"1":{"name":"(anonymous_1)","decl":{"start":{"line":51,"column":20},"end":{"line":51,"column":21}},"loc":{"start":{"line":51,"column":35},"end":{"line":54,"column":7}},"line":51},"2":{"name":"(anonymous_2)","decl":{"start":{"line":58,"column":19},"end":{"line":58,"column":20}},"loc":{"start":{"line":58,"column":36},"end":{"line":63,"column":3}},"line":58}},"branchMap":{},"s":{"0":6,"1":6,"2":6,"3":6,"4":6,"5":28,"6":28,"7":6,"8":6,"9":6,"10":6,"11":6},"f":{"0":6,"1":28,"2":6},"b":{},"_coverageSchema":"1a1c01bbd47fc00a2c39e90264f33305004495a9","hash":"ec018e729e4dd393616bc4ef9e3fa790f6364574"}
,"/Users/fuzail/Desktop/qrona/server/models/userbarcode.js": {"path":"/Users/fuzail/Desktop/qrona/server/models/userbarcode.js","statementMap":{"0":{"start":{"line":2,"column":0},"end":{"line":27,"column":2}},"1":{"start":{"line":3,"column":20},"end":{"line":3,"column":39}},"2":{"start":{"line":4,"column":16},"end":{"line":4,"column":31}},"3":{"start":{"line":7,"column":2},"end":{"line":18,"column":16}},"4":{"start":{"line":21,"column":2},"end":{"line":25,"column":4}},"5":{"start":{"line":23,"column":4},"end":{"line":23,"column":38}},"6":{"start":{"line":24,"column":4},"end":{"line":24,"column":41}},"7":{"start":{"line":26,"column":2},"end":{"line":26,"column":21}}},"fnMap":{"0":{"name":"(anonymous_0)","decl":{"start":{"line":2,"column":17},"end":{"line":2,"column":18}},"loc":{"start":{"line":2,"column":43},"end":{"line":27,"column":1}},"line":2},"1":{"name":"(anonymous_1)","decl":{"start":{"line":21,"column":26},"end":{"line":21,"column":27}},"loc":{"start":{"line":21,"column":43},"end":{"line":25,"column":3}},"line":21}},"branchMap":{},"s":{"0":6,"1":6,"2":6,"3":6,"4":6,"5":6,"6":6,"7":6},"f":{"0":6,"1":6},"b":{},"_coverageSchema":"1a1c01bbd47fc00a2c39e90264f33305004495a9","hash":"2f914e093ae6bafae6bed864a20935f505563085"}
,"/Users/fuzail/Desktop/qrona/server/routes/index.js": {"path":"/Users/fuzail/Desktop/qrona/server/routes/index.js","statementMap":{"0":{"start":{"line":1,"column":15},"end":{"line":1,"column":42}},"1":{"start":{"line":2,"column":20},"end":{"line":2,"column":44}},"2":{"start":{"line":3,"column":19},"end":{"line":3,"column":42}},"3":{"start":{"line":4,"column":21},"end":{"line":4,"column":59}},"4":{"start":{"line":6,"column":0},"end":{"line":6,"column":24}},"5":{"start":{"line":7,"column":0},"end":{"line":7,"column":23}},"6":{"start":{"line":8,"column":0},"end":{"line":8,"column":24}},"7":{"start":{"line":11,"column":0},"end":{"line":11,"column":23}}},"fnMap":{},"branchMap":{},"s":{"0":6,"1":6,"2":6,"3":6,"4":6,"5":6,"6":6,"7":6},"f":{},"b":{},"_coverageSchema":"1a1c01bbd47fc00a2c39e90264f33305004495a9","hash":"e373b31a323d198abe541dcd5c3a2f9c9721e3e9"}
,"/Users/fuzail/Desktop/qrona/server/routes/routerAdmin.js": {"path":"/Users/fuzail/Desktop/qrona/server/routes/routerAdmin.js","statementMap":{"0":{"start":{"line":1,"column":20},"end":{"line":1,"column":47}},"1":{"start":{"line":2,"column":24},"end":{"line":2,"column":65}},"2":{"start":{"line":3,"column":23},"end":{"line":3,"column":63}},"3":{"start":{"line":5,"column":0},"end":{"line":5,"column":59}},"4":{"start":{"line":6,"column":0},"end":{"line":6,"column":66}},"5":{"start":{"line":7,"column":0},"end":{"line":7,"column":69}},"6":{"start":{"line":8,"column":0},"end":{"line":8,"column":78}},"7":{"start":{"line":9,"column":0},"end":{"line":9,"column":76}},"8":{"start":{"line":10,"column":0},"end":{"line":10,"column":79}},"9":{"start":{"line":12,"column":0},"end":{"line":12,"column":28}}},"fnMap":{},"branchMap":{},"s":{"0":6,"1":6,"2":6,"3":6,"4":6,"5":6,"6":6,"7":6,"8":6,"9":6},"f":{},"b":{},"_coverageSchema":"1a1c01bbd47fc00a2c39e90264f33305004495a9","hash":"4353a9e50568812feb7b9f6c8092f7ecdc6d667e"}
,"/Users/fuzail/Desktop/qrona/server/routes/routerUser.js": {"path":"/Users/fuzail/Desktop/qrona/server/routes/routerUser.js","statementMap":{"0":{"start":{"line":1,"column":19},"end":{"line":1,"column":46}},"1":{"start":{"line":2,"column":23},"end":{"line":2,"column":63}},"2":{"start":{"line":3,"column":23},"end":{"line":3,"column":63}},"3":{"start":{"line":5,"column":0},"end":{"line":5,"column":53}},"4":{"start":{"line":6,"column":0},"end":{"line":6,"column":47}},"5":{"start":{"line":7,"column":0},"end":{"line":7,"column":66}},"6":{"start":{"line":8,"column":0},"end":{"line":8,"column":68}},"7":{"start":{"line":9,"column":0},"end":{"line":9,"column":71}},"8":{"start":{"line":10,"column":0},"end":{"line":10,"column":71}},"9":{"start":{"line":11,"column":0},"end":{"line":11,"column":73}},"10":{"start":{"line":12,"column":0},"end":{"line":12,"column":80}},"11":{"start":{"line":14,"column":0},"end":{"line":14,"column":65}},"12":{"start":{"line":15,"column":0},"end":{"line":15,"column":70}},"13":{"start":{"line":18,"column":0},"end":{"line":18,"column":27}}},"fnMap":{},"branchMap":{},"s":{"0":6,"1":6,"2":6,"3":6,"4":6,"5":6,"6":6,"7":6,"8":6,"9":6,"10":6,"11":6,"12":6,"13":6},"f":{},"b":{},"_coverageSchema":"1a1c01bbd47fc00a2c39e90264f33305004495a9","hash":"7b7dc66b042411a596726a6a9e9e1acdcab911f9"}
}
