TN:
SF:index.js
FNF:0
FNH:0
DA:1,6
DA:2,6
DA:3,6
DA:4,6
DA:5,6
DA:7,6
DA:8,6
DA:9,6
DA:11,6
DA:13,6
LF:10
LH:10
BRDA:3,0,0,6
BRDA:3,0,1,6
BRF:2
BRH:2
end_of_record
TN:
SF:controllers/controllerAdmin.js
FN:12,(anonymous_0)
FN:22,(anonymous_1)
FN:45,(anonymous_2)
FN:48,(anonymous_3)
FN:52,(anonymous_4)
FN:55,(anonymous_5)
FN:58,(anonymous_6)
FN:75,(anonymous_7)
FN:85,(anonymous_8)
FN:88,(anonymous_9)
FN:97,(anonymous_10)
FN:111,(anonymous_11)
FN:124,(anonymous_12)
FN:125,(anonymous_13)
FN:133,(anonymous_14)
FN:148,(anonymous_15)
FN:149,(anonymous_16)
FN:152,(anonymous_17)
FN:166,(anonymous_18)
FN:168,(anonymous_19)
FN:176,(anonymous_20)
FN:193,(anonymous_21)
FN:198,(anonymous_22)
FN:201,(anonymous_23)
FN:215,(anonymous_24)
FN:220,(anonymous_25)
FN:224,(anonymous_26)
FN:232,(anonymous_27)
FN:235,(anonymous_28)
FN:238,(anonymous_29)
FN:255,(anonymous_30)
FN:265,(anonymous_31)
FNF:32
FNH:27
FNDA:3,(anonymous_0)
FNDA:3,(anonymous_1)
FNDA:2,(anonymous_2)
FNDA:1,(anonymous_3)
FNDA:1,(anonymous_4)
FNDA:0,(anonymous_5)
FNDA:2,(anonymous_6)
FNDA:2,(anonymous_7)
FNDA:1,(anonymous_8)
FNDA:3,(anonymous_9)
FNDA:2,(anonymous_10)
FNDA:1,(anonymous_11)
FNDA:1,(anonymous_12)
FNDA:1,(anonymous_13)
FNDA:1,(anonymous_14)
FNDA:1,(anonymous_15)
FNDA:1,(anonymous_16)
FNDA:1,(anonymous_17)
FNDA:1,(anonymous_18)
FNDA:0,(anonymous_19)
FNDA:0,(anonymous_20)
FNDA:1,(anonymous_21)
FNDA:1,(anonymous_22)
FNDA:1,(anonymous_23)
FNDA:0,(anonymous_24)
FNDA:1,(anonymous_25)
FNDA:1,(anonymous_26)
FNDA:1,(anonymous_27)
FNDA:0,(anonymous_28)
FNDA:2,(anonymous_29)
FNDA:2,(anonymous_30)
FNDA:1,(anonymous_31)
DA:1,6
DA:2,6
DA:3,6
DA:4,6
DA:5,6
DA:6,6
DA:7,6
DA:8,6
DA:13,3
DA:14,3
DA:23,3
DA:24,2
DA:25,1
DA:29,1
DA:33,1
DA:39,1
DA:45,2
DA:49,1
DA:53,1
DA:55,0
DA:59,2
DA:60,2
DA:76,2
DA:77,1
DA:79,1
DA:85,1
DA:89,3
DA:90,3
DA:92,3
DA:93,3
DA:94,3
DA:95,3
DA:96,2
DA:98,2
DA:99,1
DA:105,1
DA:112,1
DA:125,1
DA:126,1
DA:132,1
DA:133,1
DA:134,1
DA:145,1
DA:149,1
DA:150,1
DA:151,1
DA:152,1
DA:153,1
DA:154,1
DA:155,1
DA:157,0
DA:164,1
DA:166,1
DA:167,1
DA:168,1
DA:169,0
DA:170,0
DA:171,0
DA:175,1
DA:176,1
DA:177,0
DA:190,1
DA:194,1
DA:198,1
DA:200,1
DA:202,1
DA:203,0
DA:209,1
DA:216,0
DA:220,1
DA:225,1
DA:233,1
DA:235,0
DA:239,2
DA:240,2
DA:256,2
DA:257,1
DA:259,1
DA:265,1
DA:269,6
LF:80
LH:71
BRDA:23,0,0,2
BRDA:23,0,1,1
BRDA:24,1,0,1
BRDA:24,1,1,1
BRDA:76,2,0,1
BRDA:76,2,1,1
BRDA:95,3,0,2
BRDA:95,3,1,1
BRDA:98,4,0,1
BRDA:98,4,1,1
BRDA:153,5,0,1
BRDA:153,5,1,0
BRDA:170,6,0,0
BRDA:170,6,1,0
BRDA:202,7,0,0
BRDA:202,7,1,1
BRDA:256,8,0,1
BRDA:256,8,1,1
BRF:18
BRH:14
end_of_record
TN:
SF:controllers/controllerUser.js
FN:9,(anonymous_0)
FN:19,(anonymous_1)
FN:28,(anonymous_2)
FN:31,(anonymous_3)
FN:34,(anonymous_4)
FN:57,(anonymous_5)
FN:60,(anonymous_6)
FN:64,(anonymous_7)
FN:74,(anonymous_8)
FN:77,(anonymous_9)
FN:80,(anonymous_10)
FN:87,(anonymous_11)
FN:92,(anonymous_12)
FN:95,(anonymous_13)
FN:104,(anonymous_14)
FN:111,(anonymous_15)
FN:114,(anonymous_16)
FN:117,(anonymous_17)
FN:124,(anonymous_18)
FN:127,(anonymous_19)
FN:130,(anonymous_20)
FN:137,(anonymous_21)
FN:152,(anonymous_22)
FN:155,(anonymous_23)
FN:158,(anonymous_24)
FN:161,(anonymous_25)
FN:175,(anonymous_26)
FN:184,(anonymous_27)
FN:191,(anonymous_28)
FN:196,(anonymous_29)
FN:220,(anonymous_30)
FN:234,(anonymous_31)
FN:237,(anonymous_32)
FN:240,(anonymous_33)
FN:250,(anonymous_34)
FN:267,(anonymous_35)
FN:277,(anonymous_36)
FN:280,(anonymous_37)
FNF:38
FNH:33
FNDA:8,(anonymous_0)
FNDA:1,(anonymous_1)
FNDA:7,(anonymous_2)
FNDA:3,(anonymous_3)
FNDA:3,(anonymous_4)
FNDA:2,(anonymous_5)
FNDA:1,(anonymous_6)
FNDA:1,(anonymous_7)
FNDA:0,(anonymous_8)
FNDA:1,(anonymous_9)
FNDA:1,(anonymous_10)
FNDA:1,(anonymous_11)
FNDA:0,(anonymous_12)
FNDA:1,(anonymous_13)
FNDA:1,(anonymous_14)
FNDA:1,(anonymous_15)
FNDA:0,(anonymous_16)
FNDA:1,(anonymous_17)
FNDA:1,(anonymous_18)
FNDA:0,(anonymous_19)
FNDA:2,(anonymous_20)
FNDA:2,(anonymous_21)
FNDA:1,(anonymous_22)
FNDA:1,(anonymous_23)
FNDA:2,(anonymous_24)
FNDA:2,(anonymous_25)
FNDA:1,(anonymous_26)
FNDA:1,(anonymous_27)
FNDA:1,(anonymous_28)
FNDA:1,(anonymous_29)
FNDA:2,(anonymous_30)
FNDA:1,(anonymous_31)
FNDA:0,(anonymous_32)
FNDA:2,(anonymous_33)
FNDA:2,(anonymous_34)
FNDA:1,(anonymous_35)
FNDA:1,(anonymous_36)
FNDA:1,(anonymous_37)
DA:1,6
DA:2,6
DA:3,6
DA:4,6
DA:5,6
DA:10,8
DA:11,8
DA:20,1
DA:24,1
DA:28,7
DA:32,3
DA:33,3
DA:35,3
DA:36,2
DA:37,1
DA:41,1
DA:45,1
DA:51,1
DA:57,2
DA:61,1
DA:65,1
DA:66,1
DA:68,0
DA:74,0
DA:78,1
DA:79,1
DA:81,1
DA:88,1
DA:92,0
DA:96,1
DA:97,1
DA:105,1
DA:112,1
DA:114,0
DA:118,1
DA:125,1
DA:127,0
DA:131,2
DA:132,2
DA:139,2
DA:140,1
DA:146,1
DA:153,1
DA:155,1
DA:159,2
DA:160,2
DA:162,2
DA:163,1
DA:169,1
DA:177,1
DA:185,1
DA:192,1
DA:196,1
DA:221,2
DA:222,2
DA:223,1
DA:228,1
DA:235,1
DA:237,0
DA:241,2
DA:242,2
DA:251,2
DA:252,1
DA:261,1
DA:268,1
DA:278,1
DA:280,1
DA:284,6
LF:68
LH:62
BRDA:35,0,0,2
BRDA:35,0,1,1
BRDA:36,1,0,1
BRDA:36,1,1,1
BRDA:65,2,0,1
BRDA:65,2,1,0
BRDA:139,3,0,1
BRDA:139,3,1,1
BRDA:162,4,0,1
BRDA:162,4,1,1
BRDA:222,5,0,1
BRDA:222,5,1,1
BRDA:251,6,0,1
BRDA:251,6,1,1
BRF:14
BRH:13
end_of_record
TN:
SF:helpers/bcrypt.js
FN:3,hashPassword
FN:9,checkPassword
FNF:2
FNH:2
FNDA:28,hashPassword
FNDA:4,checkPassword
DA:1,6
DA:4,28
DA:5,28
DA:6,28
DA:10,4
DA:13,6
LF:6
LH:6
BRF:0
BRH:0
end_of_record
TN:
SF:middlewares/ErrorHandler.js
FN:1,errorHandler
FNF:1
FNH:1
FNDA:23,errorHandler
DA:2,23
DA:3,23
DA:4,7
DA:6,6
DA:7,6
DA:12,7
DA:15,1
DA:17,16
DA:18,16
DA:22,17
DA:27,6
LF:11
LH:11
BRDA:3,0,0,7
BRDA:3,0,1,16
BRDA:4,1,0,6
BRDA:4,1,1,7
BRDA:6,2,0,6
BRDA:6,2,1,0
BRDA:17,3,0,16
BRDA:17,3,1,0
BRF:8
BRH:6
end_of_record
TN:
SF:middlewares/authentication.js
FN:5,authentication
FN:9,(anonymous_1)
FN:18,(anonymous_2)
FN:29,(anonymous_3)
FNF:4
FNH:4
FNDA:25,authentication
FNDA:24,(anonymous_1)
FNDA:23,(anonymous_2)
FNDA:2,(anonymous_3)
DA:1,6
DA:2,6
DA:3,6
DA:6,25
DA:7,25
DA:8,25
DA:9,24
DA:10,24
DA:11,1
DA:17,23
DA:19,23
DA:20,21
DA:21,21
DA:23,2
DA:30,2
DA:34,1
DA:40,2
DA:44,6
LF:18
LH:18
BRDA:8,0,0,24
BRDA:8,0,1,1
BRDA:10,1,0,1
BRDA:10,1,1,23
BRDA:19,2,0,21
BRDA:19,2,1,2
BRF:6
BRH:6
end_of_record
TN:
SF:models/barcode.js
FN:2,(anonymous_0)
FN:13,(anonymous_1)
FNF:2
FNH:2
FNDA:6,(anonymous_0)
FNDA:6,(anonymous_1)
DA:2,6
DA:3,6
DA:4,6
DA:7,6
DA:13,6
DA:15,6
DA:16,6
DA:17,6
DA:19,6
LF:9
LH:9
BRF:0
BRH:0
end_of_record
TN:
SF:models/hotplace.js
FN:2,(anonymous_0)
FN:36,(anonymous_1)
FNF:2
FNH:2
FNDA:6,(anonymous_0)
FNDA:6,(anonymous_1)
DA:2,6
DA:3,6
DA:4,6
DA:7,6
DA:36,6
DA:38,6
DA:39,6
DA:41,6
LF:8
LH:8
BRF:0
BRH:0
end_of_record
TN:
SF:models/index.js
FN:20,(anonymous_0)
FN:23,(anonymous_1)
FN:28,(anonymous_2)
FNF:3
FNH:3
FNDA:30,(anonymous_0)
FNDA:24,(anonymous_1)
FNDA:24,(anonymous_2)
DA:3,6
DA:4,6
DA:5,6
DA:6,6
DA:7,6
DA:8,6
DA:9,6
DA:12,6
DA:13,0
DA:15,6
DA:18,6
DA:21,30
DA:24,24
DA:25,24
DA:28,6
DA:29,24
DA:30,24
DA:34,6
DA:35,6
DA:37,6
LF:20
LH:19
BRDA:7,0,0,6
BRDA:7,0,1,0
BRDA:12,1,0,0
BRDA:12,1,1,6
BRDA:21,2,0,30
BRDA:21,2,1,30
BRDA:21,2,2,24
BRDA:29,3,0,24
BRDA:29,3,1,0
BRF:9
BRH:6
end_of_record
TN:
SF:models/user.js
FN:4,(anonymous_0)
FN:51,(anonymous_1)
FN:58,(anonymous_2)
FNF:3
FNH:3
FNDA:6,(anonymous_0)
FNDA:28,(anonymous_1)
FNDA:6,(anonymous_2)
DA:2,6
DA:4,6
DA:5,6
DA:6,6
DA:9,6
DA:52,28
DA:53,28
DA:58,6
DA:60,6
DA:61,6
DA:62,6
DA:64,6
LF:12
LH:12
BRF:0
BRH:0
end_of_record
TN:
SF:models/userbarcode.js
FN:2,(anonymous_0)
FN:21,(anonymous_1)
FNF:2
FNH:2
FNDA:6,(anonymous_0)
FNDA:6,(anonymous_1)
DA:2,6
DA:3,6
DA:4,6
DA:7,6
DA:21,6
DA:23,6
DA:24,6
DA:26,6
LF:8
LH:8
BRF:0
BRH:0
end_of_record
TN:
SF:routes/index.js
FNF:0
FNH:0
DA:1,6
DA:2,6
DA:3,6
DA:4,6
DA:6,6
DA:7,6
DA:8,6
DA:11,6
LF:8
LH:8
BRF:0
BRH:0
end_of_record
TN:
SF:routes/routerAdmin.js
FNF:0
FNH:0
DA:1,6
DA:2,6
DA:3,6
DA:5,6
DA:6,6
DA:7,6
DA:8,6
DA:9,6
DA:10,6
DA:12,6
LF:10
LH:10
BRF:0
BRH:0
end_of_record
TN:
SF:routes/routerUser.js
FNF:0
FNH:0
DA:1,6
DA:2,6
DA:3,6
DA:5,6
DA:6,6
DA:7,6
DA:8,6
DA:9,6
DA:10,6
DA:11,6
DA:12,6
DA:14,6
DA:15,6
DA:18,6
LF:14
LH:14
BRF:0
BRH:0
end_of_record
