TN:
SF:index.js
FNF:0
FNH:0
DA:1,6
DA:2,6
DA:3,6
DA:4,6
DA:5,6
DA:7,6
DA:8,6
DA:9,6
DA:11,6
DA:13,6
LF:10
LH:10
BRDA:3,0,0,6
BRDA:3,0,1,6
BRF:2
BRH:2
end_of_record
TN:
SF:controllers/controllerAdmin.js
FN:12,(anonymous_0)
FN:22,(anonymous_1)
FN:45,(anonymous_2)
FN:48,(anonymous_3)
FN:52,(anonymous_4)
FN:55,(anonymous_5)
FN:58,(anonymous_6)
FN:75,(anonymous_7)
FN:85,(anonymous_8)
FN:88,(anonymous_9)
FN:97,(anonymous_10)
FN:111,(anonymous_11)
FN:124,(anonymous_12)
FN:125,(anonymous_13)
FN:133,(anonymous_14)
FN:148,(anonymous_15)
FN:149,(anonymous_16)
FN:152,(anonymous_17)
FN:167,(anonymous_18)
FN:169,(anonymous_19)
FN:178,(anonymous_20)
FN:194,(anonymous_21)
FN:196,(anonymous_22)
FN:236,(anonymous_23)
FN:241,(anonymous_24)
FN:244,(anonymous_25)
FN:258,(anonymous_26)
FN:263,(anonymous_27)
FN:267,(anonymous_28)
FN:275,(anonymous_29)
FN:278,(anonymous_30)
FN:281,(anonymous_31)
FN:298,(anonymous_32)
FN:308,(anonymous_33)
FNF:34
FNH:28
FNDA:3,(anonymous_0)
FNDA:3,(anonymous_1)
FNDA:2,(anonymous_2)
FNDA:1,(anonymous_3)
FNDA:1,(anonymous_4)
FNDA:0,(anonymous_5)
FNDA:2,(anonymous_6)
FNDA:2,(anonymous_7)
FNDA:1,(anonymous_8)
FNDA:3,(anonymous_9)
FNDA:2,(anonymous_10)
FNDA:1,(anonymous_11)
FNDA:1,(anonymous_12)
FNDA:1,(anonymous_13)
FNDA:1,(anonymous_14)
FNDA:1,(anonymous_15)
FNDA:1,(anonymous_16)
FNDA:1,(anonymous_17)
FNDA:1,(anonymous_18)
FNDA:0,(anonymous_19)
FNDA:0,(anonymous_20)
FNDA:1,(anonymous_21)
FNDA:0,(anonymous_22)
FNDA:1,(anonymous_23)
FNDA:1,(anonymous_24)
FNDA:1,(anonymous_25)
FNDA:0,(anonymous_26)
FNDA:1,(anonymous_27)
FNDA:1,(anonymous_28)
FNDA:1,(anonymous_29)
FNDA:0,(anonymous_30)
FNDA:2,(anonymous_31)
FNDA:2,(anonymous_32)
FNDA:1,(anonymous_33)
DA:1,6
DA:2,6
DA:3,6
DA:4,6
DA:5,6
DA:6,6
DA:7,6
DA:8,6
DA:13,3
DA:14,3
DA:23,3
DA:24,2
DA:25,1
DA:29,1
DA:33,1
DA:39,1
DA:45,2
DA:49,1
DA:53,1
DA:55,0
DA:59,2
DA:60,2
DA:76,2
DA:77,1
DA:79,1
DA:85,1
DA:89,3
DA:90,3
DA:92,3
DA:93,3
DA:94,3
DA:95,3
DA:96,2
DA:98,2
DA:99,1
DA:105,1
DA:112,1
DA:125,1
DA:126,1
DA:132,1
DA:133,1
DA:134,1
DA:145,1
DA:149,1
DA:150,1
DA:151,1
DA:152,1
DA:153,1
DA:154,1
DA:155,1
DA:157,0
DA:164,1
DA:167,1
DA:168,1
DA:169,1
DA:170,0
DA:171,0
DA:172,0
DA:177,1
DA:178,1
DA:179,0
DA:191,1
DA:195,1
DA:196,1
DA:197,0
DA:198,0
DA:211,0
DA:212,0
DA:230,1
DA:231,0
DA:233,1
DA:237,1
DA:241,1
DA:243,1
DA:245,1
DA:246,0
DA:252,1
DA:259,0
DA:263,1
DA:268,1
DA:276,1
DA:278,0
DA:282,2
DA:283,2
DA:299,2
DA:300,1
DA:302,1
DA:308,1
DA:312,6
LF:89
LH:75
BRDA:23,0,0,2
BRDA:23,0,1,1
BRDA:24,1,0,1
BRDA:24,1,1,1
BRDA:76,2,0,1
BRDA:76,2,1,1
BRDA:95,3,0,2
BRDA:95,3,1,1
BRDA:98,4,0,1
BRDA:98,4,1,1
BRDA:153,5,0,1
BRDA:153,5,1,0
BRDA:171,6,0,0
BRDA:171,6,1,0
BRDA:197,7,0,0
BRDA:197,7,1,0
BRDA:211,8,0,0
BRDA:211,8,1,0
BRDA:230,9,0,0
BRDA:230,9,1,1
BRDA:245,10,0,0
BRDA:245,10,1,1
BRDA:299,11,0,1
BRDA:299,11,1,1
BRF:24
BRH:15
end_of_record
TN:
SF:controllers/controllerUser.js
FN:9,(anonymous_0)
FN:20,(anonymous_1)
FN:29,(anonymous_2)
FN:32,(anonymous_3)
FN:35,(anonymous_4)
FN:58,(anonymous_5)
FN:61,(anonymous_6)
FN:65,(anonymous_7)
FN:75,(anonymous_8)
FN:78,(anonymous_9)
FN:81,(anonymous_10)
FN:88,(anonymous_11)
FN:93,(anonymous_12)
FN:96,(anonymous_13)
FN:105,(anonymous_14)
FN:112,(anonymous_15)
FN:115,(anonymous_16)
FN:118,(anonymous_17)
FN:125,(anonymous_18)
FN:128,(anonymous_19)
FN:131,(anonymous_20)
FN:138,(anonymous_21)
FN:153,(anonymous_22)
FN:156,(anonymous_23)
FN:159,(anonymous_24)
FN:162,(anonymous_25)
FN:176,(anonymous_26)
FN:185,(anonymous_27)
FN:192,(anonymous_28)
FN:197,(anonymous_29)
FN:221,(anonymous_30)
FN:235,(anonymous_31)
FN:238,(anonymous_32)
FN:241,(anonymous_33)
FN:251,(anonymous_34)
FN:268,(anonymous_35)
FN:278,(anonymous_36)
FN:281,(anonymous_37)
FNF:38
FNH:33
FNDA:8,(anonymous_0)
FNDA:1,(anonymous_1)
FNDA:7,(anonymous_2)
FNDA:3,(anonymous_3)
FNDA:3,(anonymous_4)
FNDA:2,(anonymous_5)
FNDA:1,(anonymous_6)
FNDA:1,(anonymous_7)
FNDA:0,(anonymous_8)
FNDA:1,(anonymous_9)
FNDA:1,(anonymous_10)
FNDA:1,(anonymous_11)
FNDA:0,(anonymous_12)
FNDA:1,(anonymous_13)
FNDA:1,(anonymous_14)
FNDA:1,(anonymous_15)
FNDA:0,(anonymous_16)
FNDA:1,(anonymous_17)
FNDA:1,(anonymous_18)
FNDA:0,(anonymous_19)
FNDA:2,(anonymous_20)
FNDA:2,(anonymous_21)
FNDA:1,(anonymous_22)
FNDA:1,(anonymous_23)
FNDA:2,(anonymous_24)
FNDA:2,(anonymous_25)
FNDA:1,(anonymous_26)
FNDA:1,(anonymous_27)
FNDA:1,(anonymous_28)
FNDA:1,(anonymous_29)
FNDA:2,(anonymous_30)
FNDA:1,(anonymous_31)
FNDA:0,(anonymous_32)
FNDA:2,(anonymous_33)
FNDA:2,(anonymous_34)
FNDA:1,(anonymous_35)
FNDA:1,(anonymous_36)
FNDA:1,(anonymous_37)
DA:1,6
DA:2,6
DA:3,6
DA:4,6
DA:5,6
DA:10,8
DA:11,8
DA:21,1
DA:25,1
DA:29,7
DA:33,3
DA:34,3
DA:36,3
DA:37,2
DA:38,1
DA:42,1
DA:46,1
DA:52,1
DA:58,2
DA:62,1
DA:66,1
DA:67,1
DA:69,0
DA:75,0
DA:79,1
DA:80,1
DA:82,1
DA:89,1
DA:93,0
DA:97,1
DA:98,1
DA:106,1
DA:113,1
DA:115,0
DA:119,1
DA:126,1
DA:128,0
DA:132,2
DA:133,2
DA:140,2
DA:141,1
DA:147,1
DA:154,1
DA:156,1
DA:160,2
DA:161,2
DA:163,2
DA:164,1
DA:170,1
DA:178,1
DA:186,1
DA:193,1
DA:197,1
DA:222,2
DA:223,2
DA:224,1
DA:229,1
DA:236,1
DA:238,0
DA:242,2
DA:243,2
DA:252,2
DA:253,1
DA:262,1
DA:269,1
DA:279,1
DA:281,1
DA:285,6
LF:68
LH:62
BRDA:36,0,0,2
BRDA:36,0,1,1
BRDA:37,1,0,1
BRDA:37,1,1,1
BRDA:66,2,0,1
BRDA:66,2,1,0
BRDA:140,3,0,1
BRDA:140,3,1,1
BRDA:163,4,0,1
BRDA:163,4,1,1
BRDA:223,5,0,1
BRDA:223,5,1,1
BRDA:252,6,0,1
BRDA:252,6,1,1
BRF:14
BRH:13
end_of_record
TN:
SF:helpers/bcrypt.js
FN:3,hashPassword
FN:9,checkPassword
FNF:2
FNH:2
FNDA:28,hashPassword
FNDA:4,checkPassword
DA:1,6
DA:4,28
DA:5,28
DA:6,28
DA:10,4
DA:13,6
LF:6
LH:6
BRF:0
BRH:0
end_of_record
TN:
SF:middlewares/authentication.js
FN:5,authentication
FN:9,(anonymous_1)
FN:18,(anonymous_2)
FN:29,(anonymous_3)
FNF:4
FNH:4
FNDA:25,authentication
FNDA:24,(anonymous_1)
FNDA:23,(anonymous_2)
FNDA:2,(anonymous_3)
DA:1,6
DA:2,6
DA:3,6
DA:6,25
DA:7,25
DA:8,25
DA:9,24
DA:10,24
DA:11,1
DA:17,23
DA:19,23
DA:20,21
DA:21,21
DA:23,2
DA:30,2
DA:34,1
DA:40,2
DA:44,6
LF:18
LH:18
BRDA:8,0,0,24
BRDA:8,0,1,1
BRDA:10,1,0,1
BRDA:10,1,1,23
BRDA:19,2,0,21
BRDA:19,2,1,2
BRF:6
BRH:6
end_of_record
TN:
SF:middlewares/errorHandler.js
FN:1,errorHandler
FNF:1
FNH:1
FNDA:23,errorHandler
DA:2,23
DA:3,23
DA:4,7
DA:6,6
DA:7,6
DA:12,7
DA:15,1
DA:17,16
DA:18,16
DA:22,17
DA:27,6
LF:11
LH:11
BRDA:3,0,0,7
BRDA:3,0,1,16
BRDA:4,1,0,6
BRDA:4,1,1,7
BRDA:6,2,0,6
BRDA:6,2,1,0
BRDA:17,3,0,16
BRDA:17,3,1,0
BRF:8
BRH:6
end_of_record
TN:
SF:models/barcode.js
FN:2,(anonymous_0)
FN:13,(anonymous_1)
FNF:2
FNH:2
FNDA:6,(anonymous_0)
FNDA:6,(anonymous_1)
DA:2,6
DA:3,6
DA:4,6
DA:7,6
DA:13,6
DA:15,6
DA:16,6
DA:17,6
DA:19,6
LF:9
LH:9
BRF:0
BRH:0
end_of_record
TN:
SF:models/hotplace.js
FN:2,(anonymous_0)
FN:36,(anonymous_1)
FNF:2
FNH:2
FNDA:6,(anonymous_0)
FNDA:6,(anonymous_1)
DA:2,6
DA:3,6
DA:4,6
DA:7,6
DA:36,6
DA:38,6
DA:39,6
DA:41,6
LF:8
LH:8
BRF:0
BRH:0
end_of_record
TN:
SF:models/index.js
FN:20,(anonymous_0)
FN:23,(anonymous_1)
FN:28,(anonymous_2)
FNF:3
FNH:3
FNDA:30,(anonymous_0)
FNDA:24,(anonymous_1)
FNDA:24,(anonymous_2)
DA:3,6
DA:4,6
DA:5,6
DA:6,6
DA:7,6
DA:8,6
DA:9,6
DA:12,6
DA:13,0
DA:15,6
DA:18,6
DA:21,30
DA:24,24
DA:25,24
DA:28,6
DA:29,24
DA:30,24
DA:34,6
DA:35,6
DA:37,6
LF:20
LH:19
BRDA:7,0,0,6
BRDA:7,0,1,0
BRDA:12,1,0,0
BRDA:12,1,1,6
BRDA:21,2,0,30
BRDA:21,2,1,30
BRDA:21,2,2,24
BRDA:29,3,0,24
BRDA:29,3,1,0
BRF:9
BRH:6
end_of_record
TN:
SF:models/user.js
FN:4,(anonymous_0)
FN:52,(anonymous_1)
FN:59,(anonymous_2)
FNF:3
FNH:3
FNDA:6,(anonymous_0)
FNDA:28,(anonymous_1)
FNDA:6,(anonymous_2)
DA:2,6
DA:4,6
DA:5,6
DA:6,6
DA:9,6
DA:53,28
DA:54,28
DA:59,6
DA:61,6
DA:62,6
DA:63,6
DA:65,6
LF:12
LH:12
BRF:0
BRH:0
end_of_record
TN:
SF:models/userbarcode.js
FN:2,(anonymous_0)
FN:21,(anonymous_1)
FNF:2
FNH:2
FNDA:6,(anonymous_0)
FNDA:6,(anonymous_1)
DA:2,6
DA:3,6
DA:4,6
DA:7,6
DA:21,6
DA:23,6
DA:24,6
DA:26,6
LF:8
LH:8
BRF:0
BRH:0
end_of_record
TN:
SF:routes/index.js
FNF:0
FNH:0
DA:1,6
DA:2,6
DA:3,6
DA:4,6
DA:6,6
DA:7,6
DA:8,6
DA:11,6
LF:8
LH:8
BRF:0
BRH:0
end_of_record
TN:
SF:routes/routerAdmin.js
FNF:0
FNH:0
DA:1,6
DA:2,6
DA:3,6
DA:5,6
DA:6,6
DA:7,6
DA:8,6
DA:9,6
DA:10,6
DA:12,6
LF:10
LH:10
BRF:0
BRH:0
end_of_record
TN:
SF:routes/routerUser.js
FNF:0
FNH:0
DA:1,6
DA:2,6
DA:3,6
DA:5,6
DA:6,6
DA:7,6
DA:8,6
DA:9,6
DA:10,6
DA:11,6
DA:12,6
DA:14,6
DA:15,6
DA:18,6
LF:14
LH:14
BRF:0
BRH:0
end_of_record
